# JRE version: 7.0_15-b03
# Java VM: Java HotSpot(TM) 64-Bit Server VM (23.7-b01 mixed mode linux-amd64 compressed oops)
Heap
 PSYoungGen      total 36800K, used 7808K [0x00000007d6e00000, 0x00000007d9710000, 0x0000000800000000)
  eden space 31552K, 8% used [0x00000007d6e00000,0x00000007d70877c8,0x00000007d8cd0000)
  from space 5248K, 99% used [0x00000007d91f0000,0x00000007d9708bf8,0x00000007d9710000)
  to   space 5248K, 0% used [0x00000007d8cd0000,0x00000007d8cd0000,0x00000007d91f0000)
 ParOldGen       total 84224K, used 2418K [0x0000000784a00000, 0x0000000789c40000, 0x00000007d6e00000)
  object space 84224K, 2% used [0x0000000784a00000,0x0000000784c5ca18,0x0000000789c40000)
 PSPermGen       total 23168K, used 23049K [0x000000077f800000, 0x0000000780ea0000, 0x0000000784a00000)
  object space 23168K, 99% used [0x000000077f800000,0x0000000780e827f0,0x0000000780ea0000)
GC Heap History (4 events):
Event: 1,157 GC heap before
{Heap before GC invocations=1 (full 0):
 PSYoungGen      total 36800K, used 31552K [0x00000007d6e00000, 0x00000007d9710000, 0x0000000800000000)
  eden space 31552K, 100% used [0x00000007d6e00000,0x00000007d8cd0000,0x00000007d8cd0000)
  from space 5248K, 0% used [0x00000007d91f0000,0x00000007d91f0000,0x00000007d9710000)
  to   space 5248K, 0% used [0x00000007d8cd0000,0x00000007d8cd0000,0x00000007d91f0000)
 ParOldGen       total 84224K, used 0K [0x0000000784a00000, 0x0000000789c40000, 0x00000007d6e00000)
  object space 84224K, 0% used [0x0000000784a00000,0x0000000784a00000,0x0000000789c40000)
 PSPermGen       total 21248K, used 12401K [0x000000077f800000, 0x0000000780cc0000, 0x0000000784a00000)
  object space 21248K, 58% used [0x000000077f800000,0x000000078041c4e8,0x0000000780cc0000)
Event: 1,165 GC heap after
Heap after GC invocations=1 (full 0):
 PSYoungGen      total 36800K, used 4370K [0x00000007d6e00000, 0x00000007d9710000, 0x0000000800000000)
  eden space 31552K, 0% used [0x00000007d6e00000,0x00000007d6e00000,0x00000007d8cd0000)
  from space 5248K, 83% used [0x00000007d8cd0000,0x00000007d9114808,0x00000007d91f0000)
  to   space 5248K, 0% used [0x00000007d91f0000,0x00000007d91f0000,0x00000007d9710000)
 ParOldGen       total 84224K, used 8K [0x0000000784a00000, 0x0000000789c40000, 0x00000007d6e00000)
  object space 84224K, 0% used [0x0000000784a00000,0x0000000784a02000,0x0000000789c40000)
 PSPermGen       total 21248K, used 12401K [0x000000077f800000, 0x0000000780cc0000, 0x0000000784a00000)
  object space 21248K, 58% used [0x000000077f800000,0x000000078041c4e8,0x0000000780cc0000)
}
Event: 3,237 GC heap before
{Heap before GC invocations=2 (full 0):
 PSYoungGen      total 36800K, used 35922K [0x00000007d6e00000, 0x00000007d9710000, 0x0000000800000000)
  eden space 31552K, 100% used [0x00000007d6e00000,0x00000007d8cd0000,0x00000007d8cd0000)
  from space 5248K, 83% used [0x00000007d8cd0000,0x00000007d9114808,0x00000007d91f0000)
  to   space 5248K, 0% used [0x00000007d91f0000,0x00000007d91f0000,0x00000007d9710000)
 ParOldGen       total 84224K, used 8K [0x0000000784a00000, 0x0000000789c40000, 0x00000007d6e00000)
  object space 84224K, 0% used [0x0000000784a00000,0x0000000784a02000,0x0000000789c40000)
 PSPermGen       total 22976K, used 22823K [0x000000077f800000, 0x0000000780e70000, 0x0000000784a00000)
  object space 22976K, 99% used [0x000000077f800000,0x0000000780e49e90,0x0000000780e70000)
Event: 3,252 GC heap after
Heap after GC invocations=2 (full 0):
 PSYoungGen      total 36800K, used 5218K [0x00000007d6e00000, 0x00000007d9710000, 0x0000000800000000)
  eden space 31552K, 0% used [0x00000007d6e00000,0x00000007d6e00000,0x00000007d8cd0000)
  from space 5248K, 99% used [0x00000007d91f0000,0x00000007d9708bf8,0x00000007d9710000)
  to   space 5248K, 0% used [0x00000007d8cd0000,0x00000007d8cd0000,0x00000007d91f0000)
 ParOldGen       total 84224K, used 2418K [0x0000000784a00000, 0x0000000789c40000, 0x00000007d6e00000)
  object space 84224K, 2% used [0x0000000784a00000,0x0000000784c5ca18,0x0000000789c40000)
 PSPermGen       total 22976K, used 22823K [0x000000077f800000, 0x0000000780e70000, 0x0000000784a00000)
  object space 22976K, 99% used [0x000000077f800000,0x0000000780e49e90,0x0000000780e70000)
}

