# JRE version: 7.0_15-b03
# Java VM: Java HotSpot(TM) 64-Bit Server VM (23.7-b01 mixed mode linux-amd64 compressed oops)
Heap
 PSYoungGen      total 36800K, used 7789K [0x00000007d6e00000, 0x00000007d9710000, 0x0000000800000000)
  eden space 31552K, 8% used [0x00000007d6e00000,0x00000007d707ead0,0x00000007d8cd0000)
  from space 5248K, 99% used [0x00000007d91f0000,0x00000007d970cc08,0x00000007d9710000)
  to   space 5248K, 0% used [0x00000007d8cd0000,0x00000007d8cd0000,0x00000007d91f0000)
 ParOldGen       total 84224K, used 2345K [0x0000000784a00000, 0x0000000789c40000, 0x00000007d6e00000)
  object space 84224K, 2% used [0x0000000784a00000,0x0000000784c4a578,0x0000000789c40000)
 PSPermGen       total 22976K, used 22973K [0x000000077f800000, 0x0000000780e70000, 0x0000000784a00000)
  object space 22976K, 99% used [0x000000077f800000,0x0000000780e6f448,0x0000000780e70000)
GC Heap History (4 events):
Event: 1,078 GC heap before
{Heap before GC invocations=1 (full 0):
 PSYoungGen      total 36800K, used 31552K [0x00000007d6e00000, 0x00000007d9710000, 0x0000000800000000)
  eden space 31552K, 100% used [0x00000007d6e00000,0x00000007d8cd0000,0x00000007d8cd0000)
  from space 5248K, 0% used [0x00000007d91f0000,0x00000007d91f0000,0x00000007d9710000)
  to   space 5248K, 0% used [0x00000007d8cd0000,0x00000007d8cd0000,0x00000007d91f0000)
 ParOldGen       total 84224K, used 0K [0x0000000784a00000, 0x0000000789c40000, 0x00000007d6e00000)
  object space 84224K, 0% used [0x0000000784a00000,0x0000000784a00000,0x0000000789c40000)
 PSPermGen       total 21248K, used 12401K [0x000000077f800000, 0x0000000780cc0000, 0x0000000784a00000)
  object space 21248K, 58% used [0x000000077f800000,0x000000078041c4e8,0x0000000780cc0000)
Event: 1,086 GC heap after
Heap after GC invocations=1 (full 0):
 PSYoungGen      total 36800K, used 4410K [0x00000007d6e00000, 0x00000007d9710000, 0x0000000800000000)
  eden space 31552K, 0% used [0x00000007d6e00000,0x00000007d6e00000,0x00000007d8cd0000)
  from space 5248K, 84% used [0x00000007d8cd0000,0x00000007d911e920,0x00000007d91f0000)
  to   space 5248K, 0% used [0x00000007d91f0000,0x00000007d91f0000,0x00000007d9710000)
 ParOldGen       total 84224K, used 8K [0x0000000784a00000, 0x0000000789c40000, 0x00000007d6e00000)
  object space 84224K, 0% used [0x0000000784a00000,0x0000000784a02000,0x0000000789c40000)
 PSPermGen       total 21248K, used 12401K [0x000000077f800000, 0x0000000780cc0000, 0x0000000784a00000)
  object space 21248K, 58% used [0x000000077f800000,0x000000078041c4e8,0x0000000780cc0000)
}
Event: 4,985 GC heap before
{Heap before GC invocations=2 (full 0):
 PSYoungGen      total 36800K, used 35962K [0x00000007d6e00000, 0x00000007d9710000, 0x0000000800000000)
  eden space 31552K, 100% used [0x00000007d6e00000,0x00000007d8cd0000,0x00000007d8cd0000)
  from space 5248K, 84% used [0x00000007d8cd0000,0x00000007d911e920,0x00000007d91f0000)
  to   space 5248K, 0% used [0x00000007d91f0000,0x00000007d91f0000,0x00000007d9710000)
 ParOldGen       total 84224K, used 8K [0x0000000784a00000, 0x0000000789c40000, 0x00000007d6e00000)
  object space 84224K, 0% used [0x0000000784a00000,0x0000000784a02000,0x0000000789c40000)
 PSPermGen       total 22592K, used 22546K [0x000000077f800000, 0x0000000780e10000, 0x0000000784a00000)
  object space 22592K, 99% used [0x000000077f800000,0x0000000780e048b8,0x0000000780e10000)
Event: 4,999 GC heap after
Heap after GC invocations=2 (full 0):
 PSYoungGen      total 36800K, used 5235K [0x00000007d6e00000, 0x00000007d9710000, 0x0000000800000000)
  eden space 31552K, 0% used [0x00000007d6e00000,0x00000007d6e00000,0x00000007d8cd0000)
  from space 5248K, 99% used [0x00000007d91f0000,0x00000007d970cc08,0x00000007d9710000)
  to   space 5248K, 0% used [0x00000007d8cd0000,0x00000007d8cd0000,0x00000007d91f0000)
 ParOldGen       total 84224K, used 2345K [0x0000000784a00000, 0x0000000789c40000, 0x00000007d6e00000)
  object space 84224K, 2% used [0x0000000784a00000,0x0000000784c4a578,0x0000000789c40000)
 PSPermGen       total 22592K, used 22546K [0x000000077f800000, 0x0000000780e10000, 0x0000000784a00000)
  object space 22592K, 99% used [0x000000077f800000,0x0000000780e048b8,0x0000000780e10000)
}

